Using pre-set license
Built from '2020.2/release' branch; Version is '2020.2.2f1 (068178b99f32) revision 426360'; Using compiler version '192528614'; Build Type 'Release'
OS: 'Windows 10 Pro; OS build 19042.746; Version 2009; 64bit' Language: 'en' Physical Memory: 24502 MB
BatchMode: 1, IsHumanControllingUs: 0, StartBugReporterOnCrash: 0, Is64bit: 1, IsPro: 0

 COMMAND LINE ARGUMENTS:
E:\Unity Hub\Unity\Editor\2020.2.2f1\Editor\Unity.exe
-adb2
-batchMode
-noUpm
-name
AssetImportWorker0
-projectPath
E:/School Projects/CST326/CST326-PongProject2/Pong Project1B
-logFile
Logs/AssetImportWorker0.log
-srvPort
50844
Successfully changed project path to: E:/School Projects/CST326/CST326-PongProject2/Pong Project1B
E:/School Projects/CST326/CST326-PongProject2/Pong Project1B
Using Asset Import Pipeline V2.
Refreshing native plugins compatible for Editor in 26.24 ms, found 0 plugins.
Preloading 0 native plugins for Editor in 0.00 ms.
Initialize engine version: 2020.2.2f1 (068178b99f32)
[Subsystems] Discovering subsystems at path E:/Unity Hub/Unity/Editor/2020.2.2f1/Editor/Data/Resources/UnitySubsystems
[Subsystems] Discovering subsystems at path E:/School Projects/CST326/CST326-PongProject2/Pong Project1B/Assets
GfxDevice: creating device client; threaded=0
Direct3D:
    Version:  Direct3D 11.0 [level 11.1]
    Renderer: NVIDIA GeForce GTX 1660 Ti (ID=0x2182)
    Vendor:   
    VRAM:     5991 MB
    Driver:   27.21.14.6140
Initialize mono
Mono path[0] = 'E:/Unity Hub/Unity/Editor/2020.2.2f1/Editor/Data/Managed'
Mono path[1] = 'E:/Unity Hub/Unity/Editor/2020.2.2f1/Editor/Data/MonoBleedingEdge/lib/mono/unityjit'
Mono config path = 'E:/Unity Hub/Unity/Editor/2020.2.2f1/Editor/Data/MonoBleedingEdge/etc'
Using monoOptions --debugger-agent=transport=dt_socket,embedding=1,server=y,suspend=n,address=127.0.0.1:56504
Begin MonoManager ReloadAssembly
Registering precompiled unity dll's ...
Register platform support module: E:/Unity Hub/Unity/Editor/2020.2.2f1/Editor/Data/PlaybackEngines/WindowsStandaloneSupport/UnityEditor.WindowsStandalone.Extensions.dll
Registered in 0.001589 seconds.
Native extension for WindowsStandalone target not found
Refreshing native plugins compatible for Editor in 28.48 ms, found 0 plugins.
Preloading 0 native plugins for Editor in 0.00 ms.
Invoked RoslynAnalysisRunner static constructor.
RoslynAnalysisRunner will not be running.
RoslynAnalysisRunner has terminated.
Mono: successfully reloaded assembly
- Completed reload, in  1.273 seconds
Platform modules already initialized, skipping
Registering precompiled user dll's ...
Registered in 0.000813 seconds.
Begin MonoManager ReloadAssembly
Native extension for WindowsStandalone target not found
Refreshing native plugins compatible for Editor in 0.20 ms, found 0 plugins.
Preloading 0 native plugins for Editor in 0.00 ms.
Invoked RoslynAnalysisRunner static constructor.
RoslynAnalysisRunner will not be running.
RoslynAnalysisRunner has terminated.
Mono: successfully reloaded assembly
- Completed reload, in  0.967 seconds
Platform modules already initialized, skipping
========================================================================
Worker process is ready to serve import requests
Launched and connected shader compiler UnityShaderCompiler.exe after 0.09 seconds
Refreshing native plugins compatible for Editor in 0.20 ms, found 0 plugins.
Preloading 0 native plugins for Editor in 0.00 ms.
Unloading 1108 Unused Serialized files (Serialized files now loaded: 0)
System memory in use before: 56.9 MB.
System memory in use after: 57.0 MB.

Unloading 10 unused Assets to reduce memory usage. Loaded Objects now: 1550.
Total: 1.865300 ms (FindLiveObjects: 0.134700 ms CreateObjectMapping: 0.026300 ms MarkObjects: 1.595200 ms  DeleteObjects: 0.107700 ms)

========================================================================
Received Import Request.
  path: Assets/Pong/Sounds/Pong Wall.mp3
  artifactKey: Guid(645e0f8c5d868a64baff1148f3acf5b6) Importer(815301076,1909f56bfc062723c751e8b465ee728b)
Start importing Assets/Pong/Sounds/Pong Wall.mp3 using Guid(645e0f8c5d868a64baff1148f3acf5b6) Importer(815301076,1909f56bfc062723c751e8b465ee728b)  -> (artifact id: '4caadff3af6d25f59f33411e18f95ca2') in 0.118650 seconds
  Import took 0.121893 seconds .

========================================================================
Received Prepare
Registering precompiled user dll's ...
Registered in 0.000696 seconds.
Begin MonoManager ReloadAssembly
Native extension for WindowsStandalone target not found
Refreshing native plugins compatible for Editor in 0.21 ms, found 0 plugins.
Preloading 0 native plugins for Editor in 0.00 ms.
Invoked RoslynAnalysisRunner static constructor.
RoslynAnalysisRunner will not be running.
RoslynAnalysisRunner has terminated.
Mono: successfully reloaded assembly
- Completed reload, in  0.829 seconds
Platform modules already initialized, skipping
Refreshing native plugins compatible for Editor in 0.19 ms, found 0 plugins.
Preloading 0 native plugins for Editor in 0.00 ms.
Unloading 1102 Unused Serialized files (Serialized files now loaded: 0)
System memory in use before: 60.0 MB.
System memory in use after: 60.1 MB.

Unloading 5 unused Assets to reduce memory usage. Loaded Objects now: 1561.
Total: 1.501600 ms (FindLiveObjects: 0.142500 ms CreateObjectMapping: 0.026700 ms MarkObjects: 1.281700 ms  DeleteObjects: 0.049700 ms)

========================================================================
Received Prepare
Registering precompiled user dll's ...
Registered in 0.001097 seconds.
Begin MonoManager ReloadAssembly
Native extension for WindowsStandalone target not found
Refreshing native plugins compatible for Editor in 0.19 ms, found 0 plugins.
Preloading 0 native plugins for Editor in 0.00 ms.
Invoked RoslynAnalysisRunner static constructor.
RoslynAnalysisRunner will not be running.
RoslynAnalysisRunner has terminated.
Mono: successfully reloaded assembly
- Completed reload, in  0.822 seconds
Platform modules already initialized, skipping
Refreshing native plugins compatible for Editor in 0.19 ms, found 0 plugins.
Preloading 0 native plugins for Editor in 0.00 ms.
Unloading 1102 Unused Serialized files (Serialized files now loaded: 0)
System memory in use before: 60.2 MB.
System memory in use after: 60.2 MB.

Unloading 5 unused Assets to reduce memory usage. Loaded Objects now: 1563.
Total: 1.627900 ms (FindLiveObjects: 0.141400 ms CreateObjectMapping: 0.026700 ms MarkObjects: 1.408100 ms  DeleteObjects: 0.050500 ms)

========================================================================
Received Prepare
Registering precompiled user dll's ...
Registered in 0.000850 seconds.
Begin MonoManager ReloadAssembly
Native extension for WindowsStandalone target not found
Refreshing native plugins compatible for Editor in 0.20 ms, found 0 plugins.
Preloading 0 native plugins for Editor in 0.00 ms.
Invoked RoslynAnalysisRunner static constructor.
RoslynAnalysisRunner will not be running.
RoslynAnalysisRunner has terminated.
Mono: successfully reloaded assembly
- Completed reload, in  0.845 seconds
Platform modules already initialized, skipping
Refreshing native plugins compatible for Editor in 0.19 ms, found 0 plugins.
Preloading 0 native plugins for Editor in 0.00 ms.
Unloading 1102 Unused Serialized files (Serialized files now loaded: 0)
System memory in use before: 60.3 MB.
System memory in use after: 60.4 MB.

Unloading 5 unused Assets to reduce memory usage. Loaded Objects now: 1565.
Total: 1.498600 ms (FindLiveObjects: 0.143500 ms CreateObjectMapping: 0.027000 ms MarkObjects: 1.276400 ms  DeleteObjects: 0.050200 ms)

========================================================================
Received Prepare
Registering precompiled user dll's ...
Registered in 0.000670 seconds.
Begin MonoManager ReloadAssembly
Native extension for WindowsStandalone target not found
Refreshing native plugins compatible for Editor in 0.24 ms, found 0 plugins.
Preloading 0 native plugins for Editor in 0.00 ms.
Invoked RoslynAnalysisRunner static constructor.
RoslynAnalysisRunner will not be running.
RoslynAnalysisRunner has terminated.
Mono: successfully reloaded assembly
- Completed reload, in  0.805 seconds
Platform modules already initialized, skipping
Refreshing native plugins compatible for Editor in 0.19 ms, found 0 plugins.
Preloading 0 native plugins for Editor in 0.00 ms.
Unloading 1102 Unused Serialized files (Serialized files now loaded: 0)
System memory in use before: 60.4 MB.
System memory in use after: 60.5 MB.

Unloading 5 unused Assets to reduce memory usage. Loaded Objects now: 1567.
Total: 2.050200 ms (FindLiveObjects: 0.147500 ms CreateObjectMapping: 0.026900 ms MarkObjects: 1.655000 ms  DeleteObjects: 0.219700 ms)

========================================================================
Received Prepare
Registering precompiled user dll's ...
Registered in 0.000687 seconds.
Begin MonoManager ReloadAssembly
Native extension for WindowsStandalone target not found
Refreshing native plugins compatible for Editor in 0.40 ms, found 0 plugins.
Preloading 0 native plugins for Editor in 0.00 ms.
Invoked RoslynAnalysisRunner static constructor.
RoslynAnalysisRunner will not be running.
RoslynAnalysisRunner has terminated.
Mono: successfully reloaded assembly
- Completed reload, in  0.845 seconds
Platform modules already initialized, skipping
Refreshing native plugins compatible for Editor in 0.20 ms, found 0 plugins.
Preloading 0 native plugins for Editor in 0.00 ms.
Unloading 1102 Unused Serialized files (Serialized files now loaded: 0)
System memory in use before: 60.5 MB.
System memory in use after: 60.6 MB.

Unloading 5 unused Assets to reduce memory usage. Loaded Objects now: 1569.
Total: 3.613400 ms (FindLiveObjects: 0.390700 ms CreateObjectMapping: 0.032100 ms MarkObjects: 3.124400 ms  DeleteObjects: 0.064700 ms)

========================================================================
Received Prepare
Registering precompiled user dll's ...
Registered in 0.000753 seconds.
Begin MonoManager ReloadAssembly
Native extension for WindowsStandalone target not found
Refreshing native plugins compatible for Editor in 0.40 ms, found 0 plugins.
Preloading 0 native plugins for Editor in 0.00 ms.
Invoked RoslynAnalysisRunner static constructor.
RoslynAnalysisRunner will not be running.
RoslynAnalysisRunner has terminated.
Mono: successfully reloaded assembly
- Completed reload, in  0.880 seconds
Platform modules already initialized, skipping
Refreshing native plugins compatible for Editor in 0.20 ms, found 0 plugins.
Preloading 0 native plugins for Editor in 0.00 ms.
Unloading 1102 Unused Serialized files (Serialized files now loaded: 0)
System memory in use before: 60.6 MB.
System memory in use after: 60.7 MB.

Unloading 5 unused Assets to reduce memory usage. Loaded Objects now: 1571.
Total: 1.626400 ms (FindLiveObjects: 0.140300 ms CreateObjectMapping: 0.035500 ms MarkObjects: 1.390500 ms  DeleteObjects: 0.058400 ms)

========================================================================
Received Prepare
Registering precompiled user dll's ...
Registered in 0.001009 seconds.
Begin MonoManager ReloadAssembly
Native extension for WindowsStandalone target not found
Refreshing native plugins compatible for Editor in 0.22 ms, found 0 plugins.
Preloading 0 native plugins for Editor in 0.00 ms.
Invoked RoslynAnalysisRunner static constructor.
RoslynAnalysisRunner will not be running.
RoslynAnalysisRunner has terminated.
Mono: successfully reloaded assembly
- Completed reload, in  1.155 seconds
Platform modules already initialized, skipping
Refreshing native plugins compatible for Editor in 0.40 ms, found 0 plugins.
Preloading 0 native plugins for Editor in 0.00 ms.
Unloading 1102 Unused Serialized files (Serialized files now loaded: 0)
System memory in use before: 60.7 MB.
System memory in use after: 60.8 MB.

Unloading 5 unused Assets to reduce memory usage. Loaded Objects now: 1573.
Total: 4.961400 ms (FindLiveObjects: 0.389200 ms CreateObjectMapping: 0.050600 ms MarkObjects: 4.441700 ms  DeleteObjects: 0.077700 ms)

========================================================================
Received Prepare
Registering precompiled user dll's ...
Registered in 0.000751 seconds.
Begin MonoManager ReloadAssembly
Native extension for WindowsStandalone target not found
Refreshing native plugins compatible for Editor in 0.28 ms, found 0 plugins.
Preloading 0 native plugins for Editor in 0.00 ms.
Invoked RoslynAnalysisRunner static constructor.
RoslynAnalysisRunner will not be running.
RoslynAnalysisRunner has terminated.
Mono: successfully reloaded assembly
- Completed reload, in  0.835 seconds
Platform modules already initialized, skipping
Refreshing native plugins compatible for Editor in 0.29 ms, found 0 plugins.
Preloading 0 native plugins for Editor in 0.00 ms.
Unloading 1102 Unused Serialized files (Serialized files now loaded: 0)
System memory in use before: 60.9 MB.
System memory in use after: 60.9 MB.

Unloading 5 unused Assets to reduce memory usage. Loaded Objects now: 1575.
Total: 1.491300 ms (FindLiveObjects: 0.135700 ms CreateObjectMapping: 0.026100 ms MarkObjects: 1.273500 ms  DeleteObjects: 0.054700 ms)

========================================================================
Received Prepare
Registering precompiled user dll's ...
Registered in 0.000821 seconds.
Begin MonoManager ReloadAssembly
Native extension for WindowsStandalone target not found
Refreshing native plugins compatible for Editor in 0.20 ms, found 0 plugins.
Preloading 0 native plugins for Editor in 0.00 ms.
Invoked RoslynAnalysisRunner static constructor.
RoslynAnalysisRunner will not be running.
RoslynAnalysisRunner has terminated.
Mono: successfully reloaded assembly
- Completed reload, in  0.937 seconds
Platform modules already initialized, skipping
Refreshing native plugins compatible for Editor in 0.19 ms, found 0 plugins.
Preloading 0 native plugins for Editor in 0.00 ms.
Unloading 1102 Unused Serialized files (Serialized files now loaded: 0)
System memory in use before: 60.9 MB.
System memory in use after: 61.0 MB.

Unloading 5 unused Assets to reduce memory usage. Loaded Objects now: 1577.
Total: 2.826800 ms (FindLiveObjects: 0.460400 ms CreateObjectMapping: 0.042400 ms MarkObjects: 2.259100 ms  DeleteObjects: 0.063200 ms)

========================================================================
Received Prepare
Registering precompiled user dll's ...
Registered in 0.000721 seconds.
Begin MonoManager ReloadAssembly
Native extension for WindowsStandalone target not found
Refreshing native plugins compatible for Editor in 0.20 ms, found 0 plugins.
Preloading 0 native plugins for Editor in 0.00 ms.
Invoked RoslynAnalysisRunner static constructor.
RoslynAnalysisRunner will not be running.
RoslynAnalysisRunner has terminated.
Mono: successfully reloaded assembly
- Completed reload, in  0.801 seconds
Platform modules already initialized, skipping
Refreshing native plugins compatible for Editor in 0.19 ms, found 0 plugins.
Preloading 0 native plugins for Editor in 0.00 ms.
Unloading 1102 Unused Serialized files (Serialized files now loaded: 0)
System memory in use before: 61.1 MB.
System memory in use after: 61.1 MB.

Unloading 5 unused Assets to reduce memory usage. Loaded Objects now: 1579.
Total: 1.756900 ms (FindLiveObjects: 0.320200 ms CreateObjectMapping: 0.028500 ms MarkObjects: 1.345900 ms  DeleteObjects: 0.061000 ms)

========================================================================
Received Prepare
Registering precompiled user dll's ...
Registered in 0.000707 seconds.
Begin MonoManager ReloadAssembly
Native extension for WindowsStandalone target not found
Refreshing native plugins compatible for Editor in 0.21 ms, found 0 plugins.
Preloading 0 native plugins for Editor in 0.00 ms.
Invoked RoslynAnalysisRunner static constructor.
RoslynAnalysisRunner will not be running.
RoslynAnalysisRunner has terminated.
Mono: successfully reloaded assembly
- Completed reload, in  0.760 seconds
Platform modules already initialized, skipping
Refreshing native plugins compatible for Editor in 0.20 ms, found 0 plugins.
Preloading 0 native plugins for Editor in 0.00 ms.
Unloading 1102 Unused Serialized files (Serialized files now loaded: 0)
System memory in use before: 61.2 MB.
System memory in use after: 61.3 MB.

Unloading 5 unused Assets to reduce memory usage. Loaded Objects now: 1581.
Total: 1.612900 ms (FindLiveObjects: 0.162600 ms CreateObjectMapping: 0.028100 ms MarkObjects: 1.365700 ms  DeleteObjects: 0.055400 ms)

========================================================================
Received Import Request.
  Time since last request: 3597.067087 seconds.
  path: Assets/Pong/Prefab/PowerUpSpeed.prefab
  artifactKey: Guid(48219ca189323df4181a1abe17f23b46) Importer(815301076,1909f56bfc062723c751e8b465ee728b)
Start importing Assets/Pong/Prefab/PowerUpSpeed.prefab using Guid(48219ca189323df4181a1abe17f23b46) Importer(815301076,1909f56bfc062723c751e8b465ee728b)  -> (artifact id: 'ea461480532dd3fb70ca6da2e5053a5e') in 0.077959 seconds
  Import took 0.080549 seconds .

========================================================================
Received Import Request.
  Time since last request: 9.316083 seconds.
  path: Assets/Pong/Prefab
  artifactKey: Guid(dc5f69336c3eebd4eba29f706301df9c) Importer(815301076,1909f56bfc062723c751e8b465ee728b)
Start importing Assets/Pong/Prefab using Guid(dc5f69336c3eebd4eba29f706301df9c) Importer(815301076,1909f56bfc062723c751e8b465ee728b)  -> (artifact id: 'f16b3fcf5f73c06f8c37f654eb67e643') in 0.003128 seconds
  Import took 0.010648 seconds .

========================================================================
Received Import Request.
  Time since last request: 127.164210 seconds.
  path: Assets/Pong/Prefab/PowerUpPaddle.prefab
  artifactKey: Guid(2b7078f365541a547b4fdd8ff9fa0290) Importer(815301076,1909f56bfc062723c751e8b465ee728b)
Start importing Assets/Pong/Prefab/PowerUpPaddle.prefab using Guid(2b7078f365541a547b4fdd8ff9fa0290) Importer(815301076,1909f56bfc062723c751e8b465ee728b)  -> (artifact id: '6186bc0e60cc1cb7dd0b06ea48023415') in 0.003502 seconds
  Import took 0.005773 seconds .

========================================================================
Received Import Request.
  Time since last request: 0.009854 seconds.
  path: Assets/Pong/Prefab/PowerUpPaddle.prefab
  artifactKey: Guid(2b7078f365541a547b4fdd8ff9fa0290) Importer(815301076,1909f56bfc062723c751e8b465ee728b)
Start importing Assets/Pong/Prefab/PowerUpPaddle.prefab using Guid(2b7078f365541a547b4fdd8ff9fa0290) Importer(815301076,1909f56bfc062723c751e8b465ee728b)  -> (artifact id: '6186bc0e60cc1cb7dd0b06ea48023415') in 0.003697 seconds
  Import took 0.006940 seconds .

========================================================================
Received Import Request.
  Time since last request: 21.685785 seconds.
  path: Assets/Pong/Prefab/PowerUpPaddle.prefab
  artifactKey: Guid(2b7078f365541a547b4fdd8ff9fa0290) Importer(815301076,1909f56bfc062723c751e8b465ee728b)
Start importing Assets/Pong/Prefab/PowerUpPaddle.prefab using Guid(2b7078f365541a547b4fdd8ff9fa0290) Importer(815301076,1909f56bfc062723c751e8b465ee728b)  -> (artifact id: 'b890cc20aee72b7abbd9f698427abc88') in 0.013647 seconds
  Import took 0.016307 seconds .

========================================================================
Received Import Request.
  Time since last request: 100.541487 seconds.
  path: Assets/Pong/Prefab/PowerUpPaddle.prefab
  artifactKey: Guid(2b7078f365541a547b4fdd8ff9fa0290) Importer(815301076,1909f56bfc062723c751e8b465ee728b)
Start importing Assets/Pong/Prefab/PowerUpPaddle.prefab using Guid(2b7078f365541a547b4fdd8ff9fa0290) Importer(815301076,1909f56bfc062723c751e8b465ee728b)  -> (artifact id: 'd69971254b60e52f03208055b22c806a') in 0.004528 seconds
  Import took 0.006884 seconds .

========================================================================
Received Import Request.
  Time since last request: 1.814901 seconds.
  path: Assets/Pong/Prefab/PowerUpPaddle.prefab
  artifactKey: Guid(2b7078f365541a547b4fdd8ff9fa0290) Importer(815301076,1909f56bfc062723c751e8b465ee728b)
Start importing Assets/Pong/Prefab/PowerUpPaddle.prefab using Guid(2b7078f365541a547b4fdd8ff9fa0290) Importer(815301076,1909f56bfc062723c751e8b465ee728b)  -> (artifact id: '58bbd25c01d0bd27928d54e982a64f32') in 0.003529 seconds
  Import took 0.006174 seconds .

========================================================================
Received Import Request.
  Time since last request: 6.646372 seconds.
  path: Assets/Pong/Prefab/PowerUpPaddle.prefab
  artifactKey: Guid(2b7078f365541a547b4fdd8ff9fa0290) Importer(815301076,1909f56bfc062723c751e8b465ee728b)
Start importing Assets/Pong/Prefab/PowerUpPaddle.prefab using Guid(2b7078f365541a547b4fdd8ff9fa0290) Importer(815301076,1909f56bfc062723c751e8b465ee728b)  -> (artifact id: '98dd83d1d0bf7bea024857013fee66af') in 0.003259 seconds
  Import took 0.005162 seconds .

========================================================================
Received Import Request.
  Time since last request: 1.805673 seconds.
  path: Assets/Pong/Prefab/PowerUpPaddle.prefab
  artifactKey: Guid(2b7078f365541a547b4fdd8ff9fa0290) Importer(815301076,1909f56bfc062723c751e8b465ee728b)
Start importing Assets/Pong/Prefab/PowerUpPaddle.prefab using Guid(2b7078f365541a547b4fdd8ff9fa0290) Importer(815301076,1909f56bfc062723c751e8b465ee728b)  -> (artifact id: '9dc09e5b4abb2e9482f4ca4b57528219') in 0.003251 seconds
  Import took 0.005159 seconds .

========================================================================
Received Import Request.
  Time since last request: 79.143987 seconds.
  path: Assets/Pong/Prefab/PowerUpPaddle.prefab
  artifactKey: Guid(2b7078f365541a547b4fdd8ff9fa0290) Importer(815301076,1909f56bfc062723c751e8b465ee728b)
Start importing Assets/Pong/Prefab/PowerUpPaddle.prefab using Guid(2b7078f365541a547b4fdd8ff9fa0290) Importer(815301076,1909f56bfc062723c751e8b465ee728b)  -> (artifact id: '4ad0a2c0b2e6f16b11fc1ed335361890') in 0.013796 seconds
  Import took 0.015858 seconds .

========================================================================
Received Import Request.
  Time since last request: 4.749624 seconds.
  path: Assets/Pong/Prefab/PowerUpPaddle.prefab
  artifactKey: Guid(2b7078f365541a547b4fdd8ff9fa0290) Importer(815301076,1909f56bfc062723c751e8b465ee728b)
Start importing Assets/Pong/Prefab/PowerUpPaddle.prefab using Guid(2b7078f365541a547b4fdd8ff9fa0290) Importer(815301076,1909f56bfc062723c751e8b465ee728b)  -> (artifact id: '5c6c6950d0425887a2476ffabfc3efdc') in 0.008012 seconds
  Import took 0.010113 seconds .

========================================================================
Received Import Request.
  Time since last request: 12.126494 seconds.
  path: Assets/Pong/Prefab/PowerUpPaddle.prefab
  artifactKey: Guid(2b7078f365541a547b4fdd8ff9fa0290) Importer(815301076,1909f56bfc062723c751e8b465ee728b)
Start importing Assets/Pong/Prefab/PowerUpPaddle.prefab using Guid(2b7078f365541a547b4fdd8ff9fa0290) Importer(815301076,1909f56bfc062723c751e8b465ee728b)  -> (artifact id: '42795b1fef83e03f1a9a24f54d7dc335') in 0.006401 seconds
  Import took 0.008528 seconds .

AssetImportWorkerClient::OnTransportError - code=2 error=End of file
